i:\home\of_v0.9.8_vs_release\apps\flock\flock\obj\debug\main.obj
i:\home\of_v0.9.8_vs_release\apps\flock\flock\obj\debug\ofapp.obj
i:\home\of_v0.9.8_vs_release\apps\flock\flock\obj\debug\vc140.pdb
i:\home\of_v0.9.8_vs_release\apps\flock\flock\bin\flock_debug.lib
i:\home\of_v0.9.8_vs_release\apps\flock\flock\bin\flock_debug.exp
i:\home\of_v0.9.8_vs_release\apps\flock\flock\bin\flock_debug.ilk
i:\home\of_v0.9.8_vs_release\apps\flock\flock\bin\flock_debug.exe
i:\home\of_v0.9.8_vs_release\apps\flock\flock\bin\flock_debug.pdb
i:\home\of_v0.9.8_vs_release\apps\flock\flock\obj\debug\icon.res
i:\home\of_v0.9.8_vs_release\apps\flock\flock\obj\debug\flock.vcxprojresolveassemblyreference.cache
i:\home\of_v0.9.8_vs_release\apps\flock\flock\obj\debug\flock.tlog\cl.command.1.tlog
i:\home\of_v0.9.8_vs_release\apps\flock\flock\obj\debug\flock.tlog\cl.read.1.tlog
i:\home\of_v0.9.8_vs_release\apps\flock\flock\obj\debug\flock.tlog\cl.write.1.tlog
i:\home\of_v0.9.8_vs_release\apps\flock\flock\obj\debug\flock.tlog\flock.write.1u.tlog
i:\home\of_v0.9.8_vs_release\apps\flock\flock\obj\debug\flock.tlog\link.command.1.tlog
i:\home\of_v0.9.8_vs_release\apps\flock\flock\obj\debug\flock.tlog\link.read.1.tlog
i:\home\of_v0.9.8_vs_release\apps\flock\flock\obj\debug\flock.tlog\link.write.1.tlog
i:\home\of_v0.9.8_vs_release\apps\flock\flock\obj\debug\flock.tlog\rc.command.1.tlog
i:\home\of_v0.9.8_vs_release\apps\flock\flock\obj\debug\flock.tlog\rc.read.1.tlog
i:\home\of_v0.9.8_vs_release\apps\flock\flock\obj\debug\flock.tlog\rc.write.1.tlog
